<?xml version="1.0" encoding="UTF-8"?>
<testng-results ignored="0" total="2" passed="2" failed="0" skipped="0">
  <reporter-output>
  </reporter-output>
  <suite started-at="2025-02-10T10:03:03 IST" name="Default suite" finished-at="2025-02-10T10:05:58 IST" duration-ms="175523">
    <groups>
    </groups>
    <test started-at="2025-02-10T10:03:03 IST" name="Default test" finished-at="2025-02-10T10:05:58 IST" duration-ms="175523">
      <class name="nithminds.Assignment.testscripts.Filter">
        <test-method is-config="true" signature="LaunchBrowser()[pri:0, instance:nithminds.Assignment.testscripts.Filter@3febb011]" started-at="2025-02-10T10:03:03 IST" name="LaunchBrowser" finished-at="2025-02-10T10:03:08 IST" duration-ms="4802" status="PASS">
          <reporter-output>
          </reporter-output>
        </test-method> <!-- LaunchBrowser -->
        <test-method signature="Parfum(java.lang.String,java.lang.String)[pri:0, instance:nithminds.Assignment.testscripts.Filter@3febb011]" started-at="2025-02-10T10:03:08 IST" name="Parfum" data-provider="filterChoice" finished-at="2025-02-10T10:04:23 IST" duration-ms="75778" status="PASS">
          <params>
            <param index="0">
              <value>
                <![CDATA[Aktionen]]>
              </value>
            </param>
            <param index="1">
              <value>
                <![CDATA[Geschenk]]>
              </value>
            </param>
          </params>
          <reporter-output>
          </reporter-output>
        </test-method> <!-- Parfum -->
        <test-method is-config="true" signature="tearDown()[pri:0, instance:nithminds.Assignment.testscripts.Filter@3febb011]" started-at="2025-02-10T10:04:23 IST" name="tearDown" finished-at="2025-02-10T10:04:24 IST" duration-ms="659" status="PASS">
          <reporter-output>
          </reporter-output>
        </test-method> <!-- tearDown -->
        <test-method is-config="true" signature="LaunchBrowser()[pri:0, instance:nithminds.Assignment.testscripts.Filter@3febb011]" started-at="2025-02-10T10:04:24 IST" name="LaunchBrowser" finished-at="2025-02-10T10:04:30 IST" duration-ms="5741" status="PASS">
          <reporter-output>
          </reporter-output>
        </test-method> <!-- LaunchBrowser -->
        <test-method signature="Parfum(java.lang.String,java.lang.String)[pri:0, instance:nithminds.Assignment.testscripts.Filter@3febb011]" started-at="2025-02-10T10:04:30 IST" name="Parfum" data-provider="filterChoice" finished-at="2025-02-10T10:05:58 IST" duration-ms="88047" status="PASS">
          <params>
            <param index="0">
              <value>
                <![CDATA[Marke]]>
              </value>
            </param>
            <param index="1">
              <value>
                <![CDATA[Acca Kappa]]>
              </value>
            </param>
          </params>
          <reporter-output>
          </reporter-output>
        </test-method> <!-- Parfum -->
        <test-method is-config="true" signature="tearDown()[pri:0, instance:nithminds.Assignment.testscripts.Filter@3febb011]" started-at="2025-02-10T10:05:58 IST" name="tearDown" finished-at="2025-02-10T10:05:58 IST" duration-ms="435" status="PASS">
          <reporter-output>
          </reporter-output>
        </test-method> <!-- tearDown -->
      </class> <!-- nithminds.Assignment.testscripts.Filter -->
    </test> <!-- Default test -->
  </suite> <!-- Default suite -->
</testng-results>
